\BOOKMARK [1][-]{section.1}{\376\377\000I\000n\000t\000r\000o\000d\000u\000c\000t\000i\000o\000n}{}% 1
\BOOKMARK [1][-]{section.2}{\376\377\000T\000h\000e\000\040\000P\000r\000e\000d\000i\000c\000t\000i\000o\000n\000\040\000P\000a\000r\000a\000d\000i\000g\000m\000:\000\040\000M\000e\000t\000h\000o\000d\000s\000\040\000a\000n\000d\000\040\000L\000i\000m\000i\000t\000a\000t\000i\000o\000n\000s}{}% 2
\BOOKMARK [2][-]{subsection.2.1}{\376\377\000T\000a\000s\000k\000\040\000T\000a\000x\000o\000n\000o\000m\000y\000\040\000a\000n\000d\000\040\000M\000e\000t\000h\000o\000d\000o\000l\000o\000g\000i\000c\000a\000l\000\040\000O\000v\000e\000r\000v\000i\000e\000w}{section.2}% 3
\BOOKMARK [2][-]{subsection.2.2}{\376\377\000S\000e\000q\000u\000e\000n\000c\000e\000-\000B\000a\000s\000e\000d\000\040\000P\000r\000e\000d\000i\000c\000t\000i\000o\000n\000\040\000M\000e\000t\000h\000o\000d\000s}{section.2}% 4
\BOOKMARK [3][-]{subsubsection.2.2.1}{\376\377\000T\000h\000e\000\040\000H\000a\000n\000d\000-\000C\000r\000a\000f\000t\000e\000d\000\040\000F\000e\000a\000t\000u\000r\000e\000\040\000E\000r\000a\000\040\000\050\0002\0000\0000\0001\040\023\0002\0000\0001\0005\000\051}{subsection.2.2}% 5
\BOOKMARK [3][-]{subsubsection.2.2.2}{\376\377\000T\000h\000e\000\040\000D\000e\000e\000p\000\040\000L\000e\000a\000r\000n\000i\000n\000g\000\040\000E\000r\000a\000\040\000\050\0002\0000\0001\0006\040\023\0002\0000\0002\0000\000\051}{subsection.2.2}% 6
\BOOKMARK [3][-]{subsubsection.2.2.3}{\376\377\000T\000h\000e\000\040\000P\000r\000e\000-\000t\000r\000a\000i\000n\000e\000d\000\040\000M\000o\000d\000e\000l\000\040\000E\000r\000a\000\040\000\050\0002\0000\0002\0001\040\023\000P\000r\000e\000s\000e\000n\000t\000\051}{subsection.2.2}% 7
\BOOKMARK [2][-]{subsection.2.3}{\376\377\000S\000t\000r\000u\000c\000t\000u\000r\000e\000-\000B\000a\000s\000e\000d\000\040\000P\000r\000e\000d\000i\000c\000t\000i\000o\000n\000\040\000M\000e\000t\000h\000o\000d\000s}{section.2}% 8
\BOOKMARK [3][-]{subsubsection.2.3.1}{\376\377\000T\000r\000a\000d\000i\000t\000i\000o\000n\000a\000l\000\040\000D\000o\000c\000k\000i\000n\000g\000\040\000A\000p\000p\000r\000o\000a\000c\000h\000e\000s}{subsection.2.3}% 9
\BOOKMARK [3][-]{subsubsection.2.3.2}{\376\377\000I\000n\000t\000e\000r\000f\000a\000c\000e\000\040\000P\000r\000e\000d\000i\000c\000t\000i\000o\000n\000\040\000f\000r\000o\000m\000\040\000S\000t\000r\000u\000c\000t\000u\000r\000e}{subsection.2.3}% 10
\BOOKMARK [3][-]{subsubsection.2.3.3}{\376\377\000E\000n\000d\000-\000t\000o\000-\000E\000n\000d\000\040\000C\000o\000m\000p\000l\000e\000x\000\040\000P\000r\000e\000d\000i\000c\000t\000i\000o\000n}{subsection.2.3}% 11
\BOOKMARK [2][-]{subsection.2.4}{\376\377\000F\000u\000n\000d\000a\000m\000e\000n\000t\000a\000l\000\040\000L\000i\000m\000i\000t\000a\000t\000i\000o\000n\000s\000\040\000o\000f\000\040\000t\000h\000e\000\040\000P\000r\000e\000d\000i\000c\000t\000i\000o\000n\000\040\000P\000a\000r\000a\000d\000i\000g\000m}{section.2}% 12
\BOOKMARK [3][-]{subsubsection.2.4.1}{\376\377\000D\000a\000t\000a\000\040\000D\000e\000p\000e\000n\000d\000e\000n\000c\000e}{subsection.2.4}% 13
\BOOKMARK [3][-]{subsubsection.2.4.2}{\376\377\000T\000h\000e\000\040\000E\000v\000a\000l\000u\000a\000t\000i\000o\000n\000\040\000C\000r\000i\000s\000i\000s}{subsection.2.4}% 14
\BOOKMARK [3][-]{subsubsection.2.4.3}{\376\377\000P\000a\000s\000s\000i\000v\000e\000\040\000D\000i\000s\000c\000o\000v\000e\000r\000y\000\040\000M\000o\000d\000e}{subsection.2.4}% 15
\BOOKMARK [3][-]{subsubsection.2.4.4}{\376\377\000S\000t\000a\000t\000i\000c\000\040\000A\000s\000s\000u\000m\000p\000t\000i\000o\000n\000s}{subsection.2.4}% 16
\BOOKMARK [1][-]{section.3}{\376\377\000T\000h\000e\000\040\000E\000m\000e\000r\000g\000e\000n\000c\000e\000\040\000o\000f\000\040\000D\000e\000s\000i\000g\000n\000\040\000P\000a\000r\000a\000d\000i\000g\000m}{}% 17
\BOOKMARK [2][-]{subsection.3.1}{\376\377\000T\000e\000c\000h\000n\000i\000c\000a\000l\000\040\000D\000r\000i\000v\000e\000r\000s\000\040\000o\000f\000\040\000t\000h\000e\000\040\000P\000a\000r\000a\000d\000i\000g\000m\000\040\000S\000h\000i\000f\000t}{section.3}% 18
\BOOKMARK [3][-]{subsubsection.3.1.1}{\376\377\000B\000r\000e\000a\000k\000t\000h\000r\000o\000u\000g\000h\000s\000\040\000i\000n\000\040\000S\000t\000r\000u\000c\000t\000u\000r\000e\000\040\000P\000r\000e\000d\000i\000c\000t\000i\000o\000n}{subsection.3.1}% 19
\BOOKMARK [3][-]{subsubsection.3.1.2}{\376\377\000I\000n\000t\000r\000o\000d\000u\000c\000t\000i\000o\000n\000\040\000o\000f\000\040\000G\000e\000n\000e\000r\000a\000t\000i\000v\000e\000\040\000M\000o\000d\000e\000l\000s}{subsection.3.1}% 20
\BOOKMARK [3][-]{subsubsection.3.1.3}{\376\377\000S\000c\000a\000l\000i\000n\000g\000\040\000o\000f\000\040\000P\000r\000o\000t\000e\000i\000n\000\040\000L\000a\000n\000g\000u\000a\000g\000e\000\040\000M\000o\000d\000e\000l\000s}{subsection.3.1}% 21
\BOOKMARK [3][-]{subsubsection.3.1.4}{\376\377\000D\000e\000v\000e\000l\000o\000p\000m\000e\000n\000t\000\040\000o\000f\000\040\000E\000q\000u\000i\000v\000a\000r\000i\000a\000n\000t\000\040\000N\000e\000u\000r\000a\000l\000\040\000N\000e\000t\000w\000o\000r\000k\000s}{subsection.3.1}% 22
\BOOKMARK [2][-]{subsection.3.2}{\376\377\000M\000i\000l\000e\000s\000t\000o\000n\000e\000\040\000W\000o\000r\000k\000s\000\040\000i\000n\000\040\000t\000h\000e\000\040\000D\000e\000s\000i\000g\000n\000\040\000E\000r\000a}{section.3}% 23
\BOOKMARK [3][-]{subsubsection.3.2.1}{\376\377\000B\000a\000c\000k\000b\000o\000n\000e\000\040\000G\000e\000n\000e\000r\000a\000t\000i\000o\000n\000:\000\040\000R\000F\000d\000i\000f\000f\000u\000s\000i\000o\000n\000\040\000a\000n\000d\000\040\000C\000h\000r\000o\000m\000a}{subsection.3.2}% 24
\BOOKMARK [3][-]{subsubsection.3.2.2}{\376\377\000S\000e\000q\000u\000e\000n\000c\000e\000\040\000D\000e\000s\000i\000g\000n\000:\000\040\000P\000r\000o\000t\000e\000i\000n\000M\000P\000N\000N\000\040\000a\000n\000d\000\040\000E\000S\000M\000-\000I\000F\0001}{subsection.3.2}% 25
\BOOKMARK [3][-]{subsubsection.3.2.3}{\376\377\000B\000i\000n\000d\000e\000r\000\040\000D\000e\000s\000i\000g\000n\000:\000\040\000A\000l\000p\000h\000a\000P\000r\000o\000t\000e\000o}{subsection.3.2}% 26
\BOOKMARK [3][-]{subsubsection.3.2.4}{\376\377\000M\000u\000l\000t\000i\000-\000M\000o\000d\000a\000l\000\040\000P\000r\000e\000d\000i\000c\000t\000i\000o\000n\000:\000\040\000A\000l\000p\000h\000a\000F\000o\000l\000d\000\040\0003\000\040\000a\000n\000d\000\040\000R\000o\000s\000e\000T\000T\000A\000F\000o\000l\000d\000\040\000A\000l\000l\000-\000A\000t\000o\000m}{subsection.3.2}% 27
\BOOKMARK [2][-]{subsection.3.3}{\376\377\000T\000h\000e\000\040\000R\000e\000l\000a\000t\000i\000o\000n\000s\000h\000i\000p\000\040\000B\000e\000t\000w\000e\000e\000n\000\040\000P\000r\000e\000d\000i\000c\000t\000i\000o\000n\000\040\000a\000n\000d\000\040\000D\000e\000s\000i\000g\000n}{section.3}% 28
\BOOKMARK [2][-]{subsection.3.4}{\376\377\000C\000r\000i\000t\000i\000c\000a\000l\000\040\000A\000s\000s\000e\000s\000s\000m\000e\000n\000t\000:\000\040\000S\000u\000c\000c\000e\000s\000s\000e\000s\000\040\000a\000n\000d\000\040\000L\000i\000m\000i\000t\000a\000t\000i\000o\000n\000s}{section.3}% 29
\BOOKMARK [3][-]{subsubsection.3.4.1}{\376\377\000S\000u\000c\000c\000e\000s\000s\000\040\000R\000a\000t\000e\000\040\000V\000a\000r\000i\000a\000b\000i\000l\000i\000t\000y}{subsection.3.4}% 30
\BOOKMARK [3][-]{subsubsection.3.4.2}{\376\377\000F\000a\000i\000l\000u\000r\000e\000\040\000M\000o\000d\000e\000s}{subsection.3.4}% 31
\BOOKMARK [3][-]{subsubsection.3.4.3}{\376\377\000C\000o\000m\000p\000a\000r\000i\000s\000o\000n\000\040\000w\000i\000t\000h\000\040\000T\000r\000a\000d\000i\000t\000i\000o\000n\000a\000l\000\040\000A\000p\000p\000r\000o\000a\000c\000h\000e\000s}{subsection.3.4}% 32
\BOOKMARK [3][-]{subsubsection.3.4.4}{\376\377\000T\000h\000e\000\040\000H\000a\000l\000l\000u\000c\000i\000n\000a\000t\000i\000o\000n\000\040\000P\000r\000o\000b\000l\000e\000m}{subsection.3.4}% 33
\BOOKMARK [1][-]{section.4}{\376\377\000C\000o\000r\000e\000\040\000T\000a\000s\000k\000s\000\040\000i\000n\000\040\000t\000h\000e\000\040\000D\000e\000s\000i\000g\000n\000\040\000E\000r\000a}{}% 34
\BOOKMARK [2][-]{subsection.4.1}{\376\377\000P\000r\000o\000t\000e\000i\000n\000\040\000B\000i\000n\000d\000e\000r\000\040\000D\000e\000s\000i\000g\000n}{section.4}% 35
\BOOKMARK [3][-]{subsubsection.4.1.1}{\376\377\000T\000a\000s\000k\000\040\000D\000e\000f\000i\000n\000i\000t\000i\000o\000n\000\040\000a\000n\000d\000\040\000C\000h\000a\000l\000l\000e\000n\000g\000e\000s}{subsection.4.1}% 36
\BOOKMARK [3][-]{subsubsection.4.1.2}{\376\377\000C\000u\000r\000r\000e\000n\000t\000\040\000M\000e\000t\000h\000o\000d\000s\000\040\000a\000n\000d\000\040\000P\000e\000r\000f\000o\000r\000m\000a\000n\000c\000e}{subsection.4.1}% 37
\BOOKMARK [3][-]{subsubsection.4.1.3}{\376\377\000A\000p\000p\000l\000i\000c\000a\000t\000i\000o\000n\000s}{subsection.4.1}% 38
\BOOKMARK [2][-]{subsection.4.2}{\376\377\000A\000n\000t\000i\000b\000o\000d\000y\000\040\000D\000e\000s\000i\000g\000n}{section.4}% 39
\BOOKMARK [3][-]{subsubsection.4.2.1}{\376\377\000A\000n\000t\000i\000b\000o\000d\000y\000\040\000S\000t\000r\000u\000c\000t\000u\000r\000e\000\040\000P\000r\000e\000d\000i\000c\000t\000i\000o\000n}{subsection.4.2}% 40
\BOOKMARK [3][-]{subsubsection.4.2.2}{\376\377\000A\000n\000t\000i\000b\000o\000d\000y\000-\000A\000n\000t\000i\000g\000e\000n\000\040\000I\000n\000t\000e\000r\000a\000c\000t\000i\000o\000n\000\040\000P\000r\000e\000d\000i\000c\000t\000i\000o\000n}{subsection.4.2}% 41
\BOOKMARK [3][-]{subsubsection.4.2.3}{\376\377\000A\000n\000t\000i\000b\000o\000d\000y\000\040\000D\000e\000s\000i\000g\000n\000\040\000a\000n\000d\000\040\000O\000p\000t\000i\000m\000i\000z\000a\000t\000i\000o\000n}{subsection.4.2}% 42
\BOOKMARK [2][-]{subsection.4.3}{\376\377\000I\000n\000t\000e\000r\000f\000a\000c\000e\000\040\000O\000p\000t\000i\000m\000i\000z\000a\000t\000i\000o\000n}{section.4}% 43
\BOOKMARK [3][-]{subsubsection.4.3.1}{\376\377\000A\000f\000f\000i\000n\000i\000t\000y\000\040\000M\000a\000t\000u\000r\000a\000t\000i\000o\000n}{subsection.4.3}% 44
\BOOKMARK [3][-]{subsubsection.4.3.2}{\376\377\000S\000p\000e\000c\000i\000f\000i\000c\000i\000t\000y\000\040\000E\000n\000g\000i\000n\000e\000e\000r\000i\000n\000g}{subsection.4.3}% 45
\BOOKMARK [3][-]{subsubsection.4.3.3}{\376\377\000S\000t\000a\000b\000i\000l\000i\000t\000y\000\040\000a\000n\000d\000\040\000D\000e\000v\000e\000l\000o\000p\000a\000b\000i\000l\000i\000t\000y}{subsection.4.3}% 46
\BOOKMARK [2][-]{subsection.4.4}{\376\377\000D\000e\000\040\000N\000o\000v\000o\000\040\000I\000n\000t\000e\000r\000a\000c\000t\000i\000o\000n\000\040\000N\000e\000t\000w\000o\000r\000k\000\040\000D\000e\000s\000i\000g\000n}{section.4}% 47
\BOOKMARK [3][-]{subsubsection.4.4.1}{\376\377\000S\000y\000m\000m\000e\000t\000r\000i\000c\000\040\000O\000l\000i\000g\000o\000m\000e\000r\000\040\000D\000e\000s\000i\000g\000n}{subsection.4.4}% 48
\BOOKMARK [3][-]{subsubsection.4.4.2}{\376\377\000M\000u\000l\000t\000i\000-\000C\000o\000m\000p\000o\000n\000e\000n\000t\000\040\000S\000y\000s\000t\000e\000m\000s}{subsection.4.4}% 49
\BOOKMARK [3][-]{subsubsection.4.4.3}{\376\377\000C\000h\000a\000l\000l\000e\000n\000g\000e\000s\000\040\000i\000n\000\040\000N\000e\000t\000w\000o\000r\000k\000\040\000D\000e\000s\000i\000g\000n}{subsection.4.4}% 50
\BOOKMARK [1][-]{section.5}{\376\377\000K\000e\000y\000\040\000E\000n\000a\000b\000l\000i\000n\000g\000\040\000T\000e\000c\000h\000n\000o\000l\000o\000g\000i\000e\000s}{}% 51
\BOOKMARK [2][-]{subsection.5.1}{\376\377\000G\000e\000n\000e\000r\000a\000t\000i\000v\000e\000\040\000M\000o\000d\000e\000l\000s\000\040\000f\000o\000r\000\040\000P\000r\000o\000t\000e\000i\000n\000\040\000D\000e\000s\000i\000g\000n}{section.5}% 52
\BOOKMARK [2][-]{subsection.5.2}{\376\377\000S\000t\000r\000u\000c\000t\000u\000r\000e\000-\000A\000w\000a\000r\000e\000\040\000R\000e\000p\000r\000e\000s\000e\000n\000t\000a\000t\000i\000o\000n\000s}{section.5}% 53
\BOOKMARK [2][-]{subsection.5.3}{\376\377\000P\000r\000o\000t\000e\000i\000n\000\040\000L\000a\000n\000g\000u\000a\000g\000e\000\040\000M\000o\000d\000e\000l\000s}{section.5}% 54
\BOOKMARK [3][-]{subsubsection.5.3.1}{\376\377\000F\000o\000u\000n\000d\000a\000t\000i\000o\000n\000\040\000M\000o\000d\000e\000l\000s}{subsection.5.3}% 55
\BOOKMARK [3][-]{subsubsection.5.3.2}{\376\377\000S\000t\000r\000u\000c\000t\000u\000r\000e\000-\000A\000w\000a\000r\000e\000\040\000L\000a\000n\000g\000u\000a\000g\000e\000\040\000M\000o\000d\000e\000l\000s}{subsection.5.3}% 56
\BOOKMARK [3][-]{subsubsection.5.3.3}{\376\377\000F\000i\000n\000e\000-\000T\000u\000n\000i\000n\000g\000\040\000f\000o\000r\000\040\000D\000o\000w\000n\000s\000t\000r\000e\000a\000m\000\040\000T\000a\000s\000k\000s}{subsection.5.3}% 57
\BOOKMARK [1][-]{section.6}{\376\377\000C\000h\000a\000l\000l\000e\000n\000g\000e\000s\000\040\000a\000n\000d\000\040\000O\000p\000e\000n\000\040\000P\000r\000o\000b\000l\000e\000m\000s}{}% 58
\BOOKMARK [2][-]{subsection.6.1}{\376\377\000E\000v\000a\000l\000u\000a\000t\000i\000o\000n\000\040\000C\000h\000a\000l\000l\000e\000n\000g\000e\000s}{section.6}% 59
\BOOKMARK [3][-]{subsubsection.6.1.1}{\376\377\000B\000e\000n\000c\000h\000m\000a\000r\000k\000\040\000L\000i\000m\000i\000t\000a\000t\000i\000o\000n\000s}{subsection.6.1}% 60
\BOOKMARK [3][-]{subsubsection.6.1.2}{\376\377\000D\000e\000s\000i\000g\000n\000\040\000E\000v\000a\000l\000u\000a\000t\000i\000o\000n}{subsection.6.1}% 61
\BOOKMARK [2][-]{subsection.6.2}{\376\377\000T\000h\000e\000\040\000E\000x\000p\000e\000r\000i\000m\000e\000n\000t\000a\000l\000\040\000V\000a\000l\000i\000d\000a\000t\000i\000o\000n\000\040\000B\000o\000t\000t\000l\000e\000n\000e\000c\000k}{section.6}% 62
\BOOKMARK [3][-]{subsubsection.6.2.1}{\376\377\000T\000h\000e\000\040\000D\000e\000s\000i\000g\000n\000-\000T\000e\000s\000t\000\040\000G\000a\000p}{subsection.6.2}% 63
\BOOKMARK [3][-]{subsubsection.6.2.2}{\376\377\000H\000i\000g\000h\000-\000T\000h\000r\000o\000u\000g\000h\000p\000u\000t\000\040\000S\000o\000l\000u\000t\000i\000o\000n\000s}{subsection.6.2}% 64
\BOOKMARK [2][-]{subsection.6.3}{\376\377\000E\000x\000p\000l\000o\000r\000i\000n\000g\000\040\000t\000h\000e\000\040\000D\000e\000s\000i\000g\000n\000a\000b\000l\000e\000\040\000S\000p\000a\000c\000e}{section.6}% 65
\BOOKMARK [3][-]{subsubsection.6.3.1}{\376\377\000T\000h\000e\000\040\000D\000e\000s\000i\000g\000n\000a\000b\000i\000l\000i\000t\000y\000\040\000Q\000u\000e\000s\000t\000i\000o\000n}{subsection.6.3}% 66
\BOOKMARK [3][-]{subsubsection.6.3.2}{\376\377\000S\000e\000q\000u\000e\000n\000c\000e\000-\000S\000t\000r\000u\000c\000t\000u\000r\000e\000-\000F\000u\000n\000c\000t\000i\000o\000n\000\040\000R\000e\000l\000a\000t\000i\000o\000n\000s\000h\000i\000p\000s}{subsection.6.3}% 67
\BOOKMARK [2][-]{subsection.6.4}{\376\377\000D\000y\000n\000a\000m\000i\000c\000\040\000a\000n\000d\000\040\000C\000o\000n\000d\000i\000t\000i\000o\000n\000a\000l\000\040\000I\000n\000t\000e\000r\000a\000c\000t\000i\000o\000n\000s}{section.6}% 68
\BOOKMARK [3][-]{subsubsection.6.4.1}{\376\377\000C\000o\000n\000f\000o\000r\000m\000a\000t\000i\000o\000n\000a\000l\000\040\000F\000l\000e\000x\000i\000b\000i\000l\000i\000t\000y}{subsection.6.4}% 69
\BOOKMARK [3][-]{subsubsection.6.4.2}{\376\377\000C\000o\000n\000d\000i\000t\000i\000o\000n\000a\000l\000\040\000S\000p\000e\000c\000i\000f\000i\000c\000i\000t\000y}{subsection.6.4}% 70
\BOOKMARK [2][-]{subsection.6.5}{\376\377\000M\000u\000l\000t\000i\000-\000B\000o\000d\000y\000\040\000C\000o\000m\000p\000l\000e\000x\000\040\000D\000e\000s\000i\000g\000n}{section.6}% 71
\BOOKMARK [3][-]{subsubsection.6.5.1}{\376\377\000B\000e\000y\000o\000n\000d\000\040\000P\000a\000i\000r\000w\000i\000s\000e\000\040\000I\000n\000t\000e\000r\000a\000c\000t\000i\000o\000n\000s}{subsection.6.5}% 72
\BOOKMARK [3][-]{subsubsection.6.5.2}{\376\377\000P\000r\000o\000t\000e\000i\000n\000\040\000M\000a\000c\000h\000i\000n\000e\000s}{subsection.6.5}% 73
\BOOKMARK [2][-]{subsection.6.6}{\376\377\000I\000n\000t\000e\000r\000p\000r\000e\000t\000a\000b\000i\000l\000i\000t\000y\000\040\000a\000n\000d\000\040\000T\000r\000u\000s\000t}{section.6}% 74
\BOOKMARK [3][-]{subsubsection.6.6.1}{\376\377\000T\000h\000e\000\040\000E\000x\000p\000l\000a\000i\000n\000a\000b\000i\000l\000i\000t\000y\000\040\000G\000a\000p}{subsection.6.6}% 75
\BOOKMARK [3][-]{subsubsection.6.6.2}{\376\377\000B\000u\000i\000l\000d\000i\000n\000g\000\040\000T\000r\000u\000s\000t}{subsection.6.6}% 76
\BOOKMARK [2][-]{subsection.6.7}{\376\377\000C\000o\000m\000p\000u\000t\000a\000t\000i\000o\000n\000a\000l\000\040\000R\000e\000s\000o\000u\000r\000c\000e\000s\000\040\000a\000n\000d\000\040\000A\000c\000c\000e\000s\000s\000i\000b\000i\000l\000i\000t\000y}{section.6}% 77
\BOOKMARK [3][-]{subsubsection.6.7.1}{\376\377\000T\000r\000a\000i\000n\000i\000n\000g\000\040\000a\000n\000d\000\040\000I\000n\000f\000e\000r\000e\000n\000c\000e\000\040\000C\000o\000s\000t\000s}{subsection.6.7}% 78
\BOOKMARK [3][-]{subsubsection.6.7.2}{\376\377\000D\000e\000m\000o\000c\000r\000a\000t\000i\000z\000a\000t\000i\000o\000n\000\040\000C\000o\000n\000c\000e\000r\000n\000s}{subsection.6.7}% 79
\BOOKMARK [3][-]{subsubsection.6.7.3}{\376\377\000E\000n\000v\000i\000r\000o\000n\000m\000e\000n\000t\000a\000l\000\040\000I\000m\000p\000a\000c\000t}{subsection.6.7}% 80
\BOOKMARK [2][-]{subsection.6.8}{\376\377\000E\000t\000h\000i\000c\000a\000l\000\040\000C\000o\000n\000s\000i\000d\000e\000r\000a\000t\000i\000o\000n\000s\000\040\000a\000n\000d\000\040\000D\000u\000a\000l\000-\000U\000s\000e\000\040\000P\000o\000t\000e\000n\000t\000i\000a\000l}{section.6}% 81
\BOOKMARK [3][-]{subsubsection.6.8.1}{\376\377\000B\000e\000n\000e\000f\000i\000c\000i\000a\000l\000\040\000A\000p\000p\000l\000i\000c\000a\000t\000i\000o\000n\000s}{subsection.6.8}% 82
\BOOKMARK [3][-]{subsubsection.6.8.2}{\376\377\000D\000u\000a\000l\000-\000U\000s\000e\000\040\000C\000o\000n\000c\000e\000r\000n\000s}{subsection.6.8}% 83
\BOOKMARK [3][-]{subsubsection.6.8.3}{\376\377\000R\000e\000s\000p\000o\000n\000s\000i\000b\000l\000e\000\040\000D\000e\000v\000e\000l\000o\000p\000m\000e\000n\000t}{subsection.6.8}% 84
\BOOKMARK [1][-]{section.7}{\376\377\000A\000p\000p\000l\000i\000c\000a\000t\000i\000o\000n\000s\000\040\000a\000n\000d\000\040\000I\000m\000p\000a\000c\000t}{}% 85
\BOOKMARK [2][-]{subsection.7.1}{\376\377\000T\000h\000e\000r\000a\000p\000e\000u\000t\000i\000c\000\040\000P\000r\000o\000t\000e\000i\000n\000\040\000D\000e\000s\000i\000g\000n}{section.7}% 86
\BOOKMARK [3][-]{subsubsection.7.1.1}{\376\377\000A\000n\000t\000i\000b\000o\000d\000y\000\040\000a\000n\000d\000\040\000B\000i\000n\000d\000e\000r\000\040\000T\000h\000e\000r\000a\000p\000e\000u\000t\000i\000c\000s}{subsection.7.1}% 87
\BOOKMARK [3][-]{subsubsection.7.1.2}{\376\377\000C\000y\000t\000o\000k\000i\000n\000e\000\040\000a\000n\000d\000\040\000R\000e\000c\000e\000p\000t\000o\000r\000\040\000E\000n\000g\000i\000n\000e\000e\000r\000i\000n\000g}{subsection.7.1}% 88
\BOOKMARK [3][-]{subsubsection.7.1.3}{\376\377\000E\000m\000e\000r\000g\000i\000n\000g\000\040\000M\000o\000d\000a\000l\000i\000t\000i\000e\000s}{subsection.7.1}% 89
\BOOKMARK [2][-]{subsection.7.2}{\376\377\000I\000n\000d\000u\000s\000t\000r\000i\000a\000l\000\040\000a\000n\000d\000\040\000E\000c\000o\000n\000o\000m\000i\000c\000\040\000I\000m\000p\000a\000c\000t}{section.7}% 90
\BOOKMARK [3][-]{subsubsection.7.2.1}{\376\377\000C\000o\000s\000t\000\040\000a\000n\000d\000\040\000T\000i\000m\000e\000l\000i\000n\000e\000\040\000R\000e\000d\000u\000c\000t\000i\000o\000n}{subsection.7.2}% 91
\BOOKMARK [3][-]{subsubsection.7.2.2}{\376\377\000E\000n\000z\000y\000m\000e\000\040\000E\000n\000g\000i\000n\000e\000e\000r\000i\000n\000g}{subsection.7.2}% 92
\BOOKMARK [3][-]{subsubsection.7.2.3}{\376\377\000A\000g\000r\000i\000c\000u\000l\000t\000u\000r\000a\000l\000\040\000a\000n\000d\000\040\000E\000n\000v\000i\000r\000o\000n\000m\000e\000n\000t\000a\000l\000\040\000A\000p\000p\000l\000i\000c\000a\000t\000i\000o\000n\000s}{subsection.7.2}% 93
\BOOKMARK [2][-]{subsection.7.3}{\376\377\000R\000e\000s\000e\000a\000r\000c\000h\000\040\000T\000o\000o\000l\000s\000\040\000a\000n\000d\000\040\000B\000a\000s\000i\000c\000\040\000S\000c\000i\000e\000n\000c\000e}{section.7}% 94
\BOOKMARK [3][-]{subsubsection.7.3.1}{\376\377\000M\000e\000c\000h\000a\000n\000i\000s\000m\000\040\000V\000a\000l\000i\000d\000a\000t\000i\000o\000n}{subsection.7.3}% 95
\BOOKMARK [3][-]{subsubsection.7.3.2}{\376\377\000I\000m\000a\000g\000i\000n\000g\000\040\000a\000n\000d\000\040\000D\000e\000t\000e\000c\000t\000i\000o\000n\000\040\000T\000o\000o\000l\000s}{subsection.7.3}% 96
\BOOKMARK [3][-]{subsubsection.7.3.3}{\376\377\000S\000y\000n\000t\000h\000e\000t\000i\000c\000\040\000B\000i\000o\000l\000o\000g\000y\000\040\000a\000n\000d\000\040\000C\000i\000r\000c\000u\000i\000t\000\040\000D\000e\000s\000i\000g\000n}{subsection.7.3}% 97
\BOOKMARK [3][-]{subsubsection.7.3.4}{\376\377\000S\000t\000r\000u\000c\000t\000u\000r\000e\000-\000F\000u\000n\000c\000t\000i\000o\000n\000\040\000E\000x\000p\000l\000o\000r\000a\000t\000i\000o\000n}{subsection.7.3}% 98
\BOOKMARK [1][-]{section.8}{\376\377\000F\000u\000t\000u\000r\000e\000\040\000O\000u\000t\000l\000o\000o\000k}{}% 99
\BOOKMARK [2][-]{subsection.8.1}{\376\377\000P\000r\000e\000d\000i\000c\000t\000i\000o\000n\000-\000D\000e\000s\000i\000g\000n\000\040\000I\000n\000t\000e\000g\000r\000a\000t\000i\000o\000n}{section.8}% 100
\BOOKMARK [3][-]{subsubsection.8.1.1}{\376\377\000I\000t\000e\000r\000a\000t\000i\000v\000e\000\040\000D\000e\000s\000i\000g\000n\000\040\000C\000y\000c\000l\000e\000s}{subsection.8.1}% 101
\BOOKMARK [3][-]{subsubsection.8.1.2}{\376\377\000U\000n\000i\000f\000i\000e\000d\000\040\000P\000r\000e\000d\000i\000c\000t\000i\000o\000n\000-\000D\000e\000s\000i\000g\000n\000\040\000M\000o\000d\000e\000l\000s}{subsection.8.1}% 102
\BOOKMARK [2][-]{subsection.8.2}{\376\377\000T\000o\000w\000a\000r\000d\000\040\000P\000r\000o\000t\000e\000i\000n\000\040\000I\000n\000t\000e\000l\000l\000i\000g\000e\000n\000c\000e}{section.8}% 103
\BOOKMARK [3][-]{subsubsection.8.2.1}{\376\377\000C\000a\000p\000a\000b\000i\000l\000i\000t\000y\000\040\000L\000e\000v\000e\000l\000s}{subsection.8.2}% 104
\BOOKMARK [3][-]{subsubsection.8.2.2}{\376\377\000L\000a\000n\000g\000u\000a\000g\000e\000\040\000M\000o\000d\000e\000l\000s\000\040\000a\000s\000\040\000D\000e\000s\000i\000g\000n\000\040\000E\000n\000g\000i\000n\000e\000s}{subsection.8.2}% 105
\BOOKMARK [2][-]{subsection.8.3}{\376\377\000P\000a\000r\000a\000d\000i\000g\000m\000\040\000S\000h\000i\000f\000t\000s\000\040\000i\000n\000\040\000B\000i\000o\000l\000o\000g\000i\000c\000a\000l\000\040\000R\000e\000s\000e\000a\000r\000c\000h}{section.8}% 106
\BOOKMARK [3][-]{subsubsection.8.3.1}{\376\377\000F\000r\000o\000m\000\040\000D\000i\000s\000c\000o\000v\000e\000r\000y\000\040\000t\000o\000\040\000E\000n\000g\000i\000n\000e\000e\000r\000i\000n\000g}{subsection.8.3}% 107
\BOOKMARK [3][-]{subsubsection.8.3.2}{\376\377\000F\000r\000o\000m\000\040\000T\000r\000i\000a\000l\000-\000a\000n\000d\000-\000E\000r\000r\000o\000r\000\040\000t\000o\000\040\000R\000a\000t\000i\000o\000n\000a\000l\000\040\000D\000e\000s\000i\000g\000n}{subsection.8.3}% 108
\BOOKMARK [3][-]{subsubsection.8.3.3}{\376\377\000F\000r\000o\000m\000\040\000O\000b\000s\000e\000r\000v\000i\000n\000g\000\040\000t\000o\000\040\000C\000r\000e\000a\000t\000i\000n\000g\000\040\000N\000a\000t\000u\000r\000e}{subsection.8.3}% 109
\BOOKMARK [2][-]{subsection.8.4}{\376\377\000R\000e\000m\000a\000i\000n\000i\000n\000g\000\040\000C\000h\000a\000l\000l\000e\000n\000g\000e\000s}{section.8}% 110
\BOOKMARK [1][-]{section.9}{\376\377\000C\000o\000n\000c\000l\000u\000s\000i\000o\000n}{}% 111
